09/10/2022 09:12:21 PM: INFO: root: *******************Test_001_AddEmployee***********************
09/10/2022 09:12:21 PM: INFO: root: *******************Verifying Login test ***********************
09/10/2022 09:12:26 PM: INFO: root: *****************Home page test is passed*************************
09/10/2022 09:12:31 PM: INFO: root: *******************Verifying Addemployee***********************
09/10/2022 09:12:37 PM: INFO: root: ******************Login is successful**************************
09/10/2022 09:12:44 PM: INFO: root: ******************PIM - Add employee is successful**************************
09/10/2022 09:18:11 PM: INFO: root: *******************Test_001_AddEmployee***********************
09/10/2022 09:18:11 PM: INFO: root: *******************Verifying Login test ***********************
09/10/2022 09:18:15 PM: INFO: root: *****************Home page test is passed*************************
09/10/2022 09:18:19 PM: INFO: root: *******************Verifying Addemployee***********************
09/10/2022 09:18:28 PM: INFO: root: ******************Login is successful**************************
09/10/2022 09:18:34 PM: INFO: root: ******************PIM - Add employee is successful**************************
09/10/2022 09:27:37 PM: INFO: root: *******************Test_001_AddEmployee***********************
09/10/2022 09:27:37 PM: INFO: root: *******************Verifying Login test ***********************
09/10/2022 09:27:42 PM: INFO: root: *****************Home page test is passed*************************
09/10/2022 09:27:48 PM: INFO: root: *******************Verifying Addemployee***********************
09/10/2022 09:27:54 PM: INFO: root: ******************Login is successful**************************
09/10/2022 09:28:00 PM: INFO: root: ******************PIM - Add employee is successful**************************
09/10/2022 09:28:31 PM: INFO: root: *******************Test_001_AddEmployee***********************
09/10/2022 09:28:31 PM: INFO: root: *******************Verifying Login test ***********************
09/10/2022 09:28:37 PM: INFO: root: *****************Home page test is passed*************************
09/10/2022 09:28:44 PM: INFO: root: *******************Verifying Addemployee***********************
09/10/2022 09:28:51 PM: INFO: root: ******************Login is successful**************************
09/10/2022 09:28:56 PM: INFO: root: ******************PIM - Add employee is successful**************************
09/10/2022 09:35:24 PM: INFO: root: *******************Test_001_AddEmployee***********************
09/10/2022 09:35:24 PM: INFO: root: *******************Verifying Login test ***********************
09/10/2022 09:35:29 PM: INFO: root: *****************Home page test is passed*************************
09/10/2022 09:35:33 PM: INFO: root: *******************Verifying Addemployee***********************
09/10/2022 09:35:40 PM: INFO: root: ******************Login is successful**************************
09/10/2022 09:35:46 PM: INFO: root: ******************PIM - Add employee is successful**************************
09/10/2022 09:37:26 PM: INFO: root: *******************Test_001_AddEmployee***********************
09/10/2022 09:37:26 PM: INFO: root: *******************Verifying Login test ***********************
09/10/2022 09:37:30 PM: INFO: root: *****************Home page test is passed*************************
09/10/2022 09:37:34 PM: INFO: root: *******************Verifying Addemployee***********************
09/10/2022 09:37:40 PM: INFO: root: ******************Login is successful**************************
09/10/2022 09:37:46 PM: INFO: root: ******************PIM - Add employee is successful**************************
09/10/2022 09:40:32 PM: INFO: root: *******************Test_001_AddEmployee***********************
09/10/2022 09:40:32 PM: INFO: root: *******************Verifying Login test ***********************
09/10/2022 09:40:36 PM: INFO: root: *****************Home page test is passed*************************
09/10/2022 09:40:40 PM: INFO: root: *******************Verifying Addemployee***********************
09/10/2022 09:40:47 PM: INFO: root: ******************Login is successful**************************
09/10/2022 09:40:53 PM: INFO: root: ******************PIM - Add employee is successful**************************
09/10/2022 11:23:46 PM: INFO: root: *******************Test_001_AddEmployee***********************
09/10/2022 11:23:46 PM: INFO: root: *******************Verifying Login test ***********************
09/10/2022 11:23:50 PM: INFO: root: *****************Home page test is passed*************************
09/10/2022 11:23:54 PM: INFO: root: *******************Verifying Addemployee***********************
09/10/2022 11:24:00 PM: INFO: root: ******************Login is successful**************************
09/10/2022 11:24:06 PM: INFO: root: ******************PIM - Add employee is successful**************************
09/10/2022 11:24:16 PM: INFO: root: ******************Admin Add employee login detail is successful**************************
09/10/2022 11:52:26 PM: INFO: root: *******************Test_001_AddEmployee***********************
09/10/2022 11:52:26 PM: INFO: root: *******************Verifying Login test ***********************
09/10/2022 11:52:30 PM: INFO: root: *****************Home page test is passed*************************
09/10/2022 11:52:34 PM: INFO: root: *******************Verifying Addemployee***********************
09/10/2022 11:52:39 PM: INFO: root: ******************Login is successful**************************
09/10/2022 11:52:45 PM: INFO: root: ******************PIM - Add employee is successful**************************
09/10/2022 11:52:57 PM: INFO: root: ******************Admin Add employee login detail is successful**************************
09/10/2022 11:52:57 PM: INFO: root: ******************Admin Add employee login detail is successful**************************
09/11/2022 12:03:39 AM: INFO: root: *******************Test_001_AddEmployee***********************
09/11/2022 12:03:39 AM: INFO: root: *******************Verifying Login test ***********************
09/11/2022 12:03:50 AM: INFO: root: *****************Home page test is passed*************************
09/11/2022 12:03:56 AM: INFO: root: *******************Verifying Addemployee***********************
09/11/2022 12:04:05 AM: INFO: root: ******************Login is successful**************************
09/11/2022 12:06:02 AM: INFO: root: *******************Test_001_AddEmployee***********************
09/11/2022 12:06:02 AM: INFO: root: *******************Verifying Login test ***********************
09/11/2022 12:06:05 AM: INFO: root: *****************Home page test is passed*************************
09/11/2022 12:06:09 AM: INFO: root: *******************Verifying Addemployee***********************
09/11/2022 12:06:15 AM: INFO: root: ******************Login is successful**************************
09/11/2022 12:06:21 AM: INFO: root: ******************PIM - Add employee is successful**************************
09/11/2022 12:06:33 AM: INFO: root: ******************Admin Add employee login detail is successful**************************
09/11/2022 12:06:33 AM: INFO: root: ******************Admin Add employee login detail is successful**************************
09/11/2022 12:07:20 AM: INFO: root: *******************Test_001_AddEmployee***********************
09/11/2022 12:07:20 AM: INFO: root: *******************Verifying Login test ***********************
09/11/2022 12:07:24 AM: INFO: root: *****************Home page test is passed*************************
09/11/2022 12:07:28 AM: INFO: root: *******************Verifying Addemployee***********************
09/11/2022 12:07:33 AM: INFO: root: ******************Login is successful**************************
09/11/2022 12:07:39 AM: INFO: root: ******************PIM - Add employee is successful**************************
09/11/2022 12:07:51 AM: INFO: root: ******************Admin Add employee login detail is successful**************************
09/11/2022 12:07:51 AM: INFO: root: ******************Admin Add employee login detail is successful**************************
09/11/2022 12:09:17 AM: INFO: root: *******************Test_001_AddEmployee***********************
09/11/2022 12:09:17 AM: INFO: root: *******************Verifying Login test ***********************
09/11/2022 12:09:21 AM: INFO: root: *****************Home page test is passed*************************
09/11/2022 12:09:25 AM: INFO: root: *******************Verifying Addemployee***********************
09/11/2022 12:09:31 AM: INFO: root: ******************Login is successful**************************
09/11/2022 12:11:21 AM: INFO: root: *******************Test_001_AddEmployee***********************
09/11/2022 12:11:21 AM: INFO: root: *******************Verifying Login test ***********************
09/11/2022 12:11:25 AM: INFO: root: *****************Home page test is passed*************************
09/11/2022 12:11:28 AM: INFO: root: *******************Verifying Addemployee***********************
09/11/2022 12:11:34 AM: INFO: root: ******************Login is successful**************************
09/11/2022 12:11:34 AM: INFO: root: ******************PIM - Add employee is successful**************************
09/11/2022 12:11:38 AM: ERROR: root: ******************Search employee  detail is successful**************************
09/11/2022 12:18:19 AM: INFO: root: *******************Test_001_AddEmployee***********************
09/11/2022 12:18:19 AM: INFO: root: *******************Verifying Login test ***********************
09/11/2022 12:18:25 AM: INFO: root: *****************Home page test is passed*************************
09/11/2022 12:18:31 AM: INFO: root: *******************Verifying Addemployee***********************
09/11/2022 12:18:39 AM: INFO: root: ******************Login is successful**************************
09/11/2022 12:18:39 AM: INFO: root: ******************PIM - Add employee is successful**************************
09/11/2022 12:18:44 AM: ERROR: root: ******************Search employee  detail is successful**************************
09/11/2022 12:19:17 AM: INFO: root: *******************Test_001_AddEmployee***********************
09/11/2022 12:19:17 AM: INFO: root: *******************Verifying Login test ***********************
09/11/2022 12:19:21 AM: INFO: root: *****************Home page test is passed*************************
09/11/2022 12:19:26 AM: INFO: root: *******************Verifying Addemployee***********************
09/11/2022 12:19:32 AM: INFO: root: ******************Login is successful**************************
09/11/2022 12:19:32 AM: INFO: root: ******************PIM - Add employee is successful**************************
09/11/2022 12:19:38 AM: INFO: root: ******************Search employee  detail is successful**************************
09/11/2022 12:22:23 AM: INFO: root: *******************Test_002_Login***********************
09/11/2022 12:22:23 AM: INFO: root: *******************Verifying Login test ***********************
09/11/2022 12:22:26 AM: INFO: root: *****************Home page test is passed*************************
09/11/2022 12:23:21 AM: INFO: root: *******************Test_002_Login***********************
09/11/2022 12:23:21 AM: INFO: root: *******************Verifying Login test ***********************
09/11/2022 12:23:23 AM: INFO: root: *****************Home page test is passed*************************
